[GIN-VUE-ADMIN]2020/10/30 - 21:02:21.058	[34minfo[0m	register table success
[GIN-VUE-ADMIN]2020/10/30 - 21:02:21.061	[34minfo[0m	use middleware logger
[GIN-VUE-ADMIN]2020/10/30 - 21:02:21.061	[34minfo[0m	use middleware cors
[GIN-VUE-ADMIN]2020/10/30 - 21:02:21.062	[34minfo[0m	register swagger handler
[GIN-VUE-ADMIN]2020/10/30 - 21:02:21.063	[34minfo[0m	router register success
[GIN-VUE-ADMIN]2020/10/30 - 21:02:21.064	[34minfo[0m	server run success on 	{"address": ":8888"}
[GIN-VUE-ADMIN]2020/10/30 - 21:03:55.013	[31merror[0m	create operation record error:	{"err": "Error 1406: Data too long for column 'body' at row 1"}
[GIN-VUE-ADMIN]2020/10/30 - 21:04:01.958	[31merror[0m	create operation record error:	{"err": "Error 1406: Data too long for column 'body' at row 1"}
[GIN-VUE-ADMIN]2020/10/30 - 21:04:07.965	[31merror[0m	create operation record error:	{"err": "Error 1406: Data too long for column 'body' at row 1"}
[GIN-VUE-ADMIN]2020/10/30 - 21:07:53.585	[31merror[0m	create operation record error:	{"err": "Error 1406: Data too long for column 'body' at row 1"}
[GIN-VUE-ADMIN]2020/10/30 - 21:08:31.019	[31merror[0m	create operation record error:	{"err": "Error 1406: Data too long for column 'body' at row 1"}
[GIN-VUE-ADMIN]2020/10/30 - 21:08:34.868	[31merror[0m	create operation record error:	{"err": "Error 1406: Data too long for column 'body' at row 1"}
[GIN-VUE-ADMIN]2020/10/30 - 21:08:47.212	[31merror[0m	create operation record error:	{"err": "Error 1406: Data too long for column 'body' at row 1"}
[GIN-VUE-ADMIN]2020/10/30 - 21:09:18.394	[31merror[0m	create operation record error:	{"err": "Error 1406: Data too long for column 'body' at row 1"}
[GIN-VUE-ADMIN]2020/10/30 - 21:16:08.956	[31merror[0m	create operation record error:	{"err": "Error 1406: Data too long for column 'body' at row 1"}
[GIN-VUE-ADMIN]2020/10/30 - 21:16:11.601	[31merror[0m	create operation record error:	{"err": "Error 1406: Data too long for column 'body' at row 1"}
[GIN-VUE-ADMIN]2020/10/30 - 21:16:15.664	[31merror[0m	create operation record error:	{"err": "Error 1406: Data too long for column 'body' at row 1"}
[GIN-VUE-ADMIN]2020/10/30 - 21:16:18.315	[31merror[0m	create operation record error:	{"err": "Error 1406: Data too long for column 'body' at row 1"}
[GIN-VUE-ADMIN]2020/10/30 - 21:16:22.803	[31merror[0m	create operation record error:	{"err": "Error 1406: Data too long for column 'body' at row 1"}
[GIN-VUE-ADMIN]2020/10/30 - 21:16:25.258	[31merror[0m	create operation record error:	{"err": "Error 1406: Data too long for column 'body' at row 1"}
[GIN-VUE-ADMIN]2020/10/30 - 21:16:27.599	[31merror[0m	create operation record error:	{"err": "Error 1406: Data too long for column 'body' at row 1"}
[GIN-VUE-ADMIN]2020/10/30 - 21:32:17.134	[31merror[0m	create operation record error:	{"err": "Error 1406: Data too long for column 'body' at row 1"}
[GIN-VUE-ADMIN]2020/10/30 - 21:32:19.955	[31merror[0m	create operation record error:	{"err": "Error 1406: Data too long for column 'body' at row 1"}
[GIN-VUE-ADMIN]2020/10/30 - 21:32:35.943	[31merror[0m	create operation record error:	{"err": "Error 1406: Data too long for column 'body' at row 1"}
[GIN-VUE-ADMIN]2020/10/30 - 21:32:38.469	[31merror[0m	create operation record error:	{"err": "Error 1406: Data too long for column 'body' at row 1"}
[GIN-VUE-ADMIN]2020/10/30 - 21:32:41.435	[31merror[0m	create operation record error:	{"err": "Error 1406: Data too long for column 'body' at row 1"}
[GIN-VUE-ADMIN]2020/10/30 - 21:32:50.368	[31merror[0m	create operation record error:	{"err": "Error 1406: Data too long for column 'body' at row 1"}
[GIN-VUE-ADMIN]2020/10/30 - 21:32:57.181	[31merror[0m	create operation record error:	{"err": "Error 1406: Data too long for column 'body' at row 1"}
[GIN-VUE-ADMIN]2020/10/30 - 21:36:02.292	[31merror[0m	create operation record error:	{"err": "Error 1406: Data too long for column 'body' at row 1"}
[GIN-VUE-ADMIN]2020/10/30 - 21:38:33.993	[31merror[0m	create operation record error:	{"err": "Error 1406: Data too long for column 'body' at row 1"}
[GIN-VUE-ADMIN]2020/10/30 - 21:38:44.590	[31merror[0m	create operation record error:	{"err": "Error 1406: Data too long for column 'body' at row 1"}
[GIN-VUE-ADMIN]2020/10/30 - 21:38:46.014	[31merror[0m	create operation record error:	{"err": "Error 1406: Data too long for column 'body' at row 1"}
[GIN-VUE-ADMIN]2020/10/30 - 21:39:56.782	[31merror[0m	create operation record error:	{"err": "Error 1406: Data too long for column 'body' at row 1"}
[GIN-VUE-ADMIN]2020/10/30 - 21:40:03.352	[31merror[0m	create operation record error:	{"err": "Error 1406: Data too long for column 'body' at row 1"}
[GIN-VUE-ADMIN]2020/10/30 - 21:40:05.586	[31merror[0m	create operation record error:	{"err": "Error 1406: Data too long for column 'body' at row 1"}
[GIN-VUE-ADMIN]2020/10/30 - 21:40:10.075	[31merror[0m	create operation record error:	{"err": "Error 1406: Data too long for column 'body' at row 1"}
[GIN-VUE-ADMIN]2020/10/30 - 21:40:12.343	[31merror[0m	create operation record error:	{"err": "Error 1406: Data too long for column 'body' at row 1"}
[GIN-VUE-ADMIN]2020/10/30 - 21:41:42.300	[31merror[0m	create operation record error:	{"err": "Error 1406: Data too long for column 'body' at row 1"}
[GIN-VUE-ADMIN]2020/10/30 - 21:53:20.863	[34minfo[0m	register table success
[GIN-VUE-ADMIN]2020/10/30 - 21:53:20.866	[34minfo[0m	use middleware logger
[GIN-VUE-ADMIN]2020/10/30 - 21:53:20.866	[34minfo[0m	use middleware cors
[GIN-VUE-ADMIN]2020/10/30 - 21:53:20.866	[34minfo[0m	register swagger handler
[GIN-VUE-ADMIN]2020/10/30 - 21:53:20.867	[34minfo[0m	router register success
[GIN-VUE-ADMIN]2020/10/30 - 21:53:20.868	[34minfo[0m	server run success on 	{"address": ":8888"}
[GIN-VUE-ADMIN]2020/10/30 - 21:53:51.278	[31merror[0m	create operation record error:	{"err": "Error 1406: Data too long for column 'body' at row 1"}
[GIN-VUE-ADMIN]2020/10/30 - 21:53:53.958	[31merror[0m	create operation record error:	{"err": "Error 1406: Data too long for column 'body' at row 1"}
