[GIN-VUE-ADMIN]2020/10/16 - 21:46:11.291	[34minfo[0m	register table success
[GIN-VUE-ADMIN]2020/10/16 - 21:46:11.295	[34minfo[0m	use middleware logger
[GIN-VUE-ADMIN]2020/10/16 - 21:46:11.295	[34minfo[0m	use middleware cors
[GIN-VUE-ADMIN]2020/10/16 - 21:46:11.295	[34minfo[0m	register swagger handler
[GIN-VUE-ADMIN]2020/10/16 - 21:46:11.296	[34minfo[0m	router register success
[GIN-VUE-ADMIN]2020/10/16 - 21:46:11.297	[34minfo[0m	server run success on 	{"address": ":8888"}
[GIN-VUE-ADMIN]2020/10/16 - 22:44:07.931	[34minfo[0m	register table success
[GIN-VUE-ADMIN]2020/10/16 - 22:44:07.933	[34minfo[0m	use middleware logger
[GIN-VUE-ADMIN]2020/10/16 - 22:44:07.933	[34minfo[0m	use middleware cors
[GIN-VUE-ADMIN]2020/10/16 - 22:44:07.933	[34minfo[0m	register swagger handler
[GIN-VUE-ADMIN]2020/10/16 - 22:44:07.933	[34minfo[0m	router register success
[GIN-VUE-ADMIN]2020/10/16 - 22:44:07.934	[34minfo[0m	server run success on 	{"address": ":8888"}
[GIN-VUE-ADMIN]2020/10/16 - 22:48:38.448	[34minfo[0m	register table success
[GIN-VUE-ADMIN]2020/10/16 - 22:48:38.450	[34minfo[0m	use middleware logger
[GIN-VUE-ADMIN]2020/10/16 - 22:48:38.450	[34minfo[0m	use middleware cors
[GIN-VUE-ADMIN]2020/10/16 - 22:48:38.450	[34minfo[0m	register swagger handler
[GIN-VUE-ADMIN]2020/10/16 - 22:48:38.450	[34minfo[0m	router register success
[GIN-VUE-ADMIN]2020/10/16 - 22:48:38.451	[34minfo[0m	server run success on 	{"address": ":8888"}
[GIN-VUE-ADMIN]2020/10/16 - 23:04:54.534	[34minfo[0m	register table success
[GIN-VUE-ADMIN]2020/10/16 - 23:04:54.535	[34minfo[0m	use middleware logger
[GIN-VUE-ADMIN]2020/10/16 - 23:04:54.535	[34minfo[0m	use middleware cors
[GIN-VUE-ADMIN]2020/10/16 - 23:04:54.535	[34minfo[0m	register swagger handler
[GIN-VUE-ADMIN]2020/10/16 - 23:04:54.536	[34minfo[0m	router register success
[GIN-VUE-ADMIN]2020/10/16 - 23:04:54.537	[34minfo[0m	server run success on 	{"address": ":8888"}
[GIN-VUE-ADMIN]2020/10/16 - 23:05:56.740	[34minfo[0m	register table success
[GIN-VUE-ADMIN]2020/10/16 - 23:05:56.744	[34minfo[0m	use middleware logger
[GIN-VUE-ADMIN]2020/10/16 - 23:05:56.744	[34minfo[0m	use middleware cors
[GIN-VUE-ADMIN]2020/10/16 - 23:05:56.744	[34minfo[0m	register swagger handler
[GIN-VUE-ADMIN]2020/10/16 - 23:05:56.744	[34minfo[0m	router register success
[GIN-VUE-ADMIN]2020/10/16 - 23:05:56.745	[34minfo[0m	server run success on 	{"address": ":8888"}
[GIN-VUE-ADMIN]2020/10/16 - 23:10:15.943	[34minfo[0m	register table success
[GIN-VUE-ADMIN]2020/10/16 - 23:10:15.944	[34minfo[0m	use middleware logger
[GIN-VUE-ADMIN]2020/10/16 - 23:10:15.944	[34minfo[0m	use middleware cors
[GIN-VUE-ADMIN]2020/10/16 - 23:10:15.944	[34minfo[0m	register swagger handler
[GIN-VUE-ADMIN]2020/10/16 - 23:10:15.944	[34minfo[0m	router register success
[GIN-VUE-ADMIN]2020/10/16 - 23:10:15.945	[34minfo[0m	server run success on 	{"address": ":8888"}
